<?xml version="1.0" encoding="UTF-8"?>
<testsuites name="jest tests" tests="12" failures="0" errors="0" time="1.118">
  <testsuite name="createUser" errors="0" failures="0" skipped="0" timestamp="2025-07-28T18:52:15" time="0.636" tests="3">
    <testcase classname="createUser should create a valid user" name="createUser should create a valid user" time="0.22">
    </testcase>
    <testcase classname="createUser should return `id` as an integer" name="createUser should return `id` as an integer" time="0.086">
    </testcase>
    <testcase classname="createUser should error when job is a number" name="createUser should error when job is a number" time="0.088">
    </testcase>
  </testsuite>
  <testsuite name="getUsers" errors="0" failures="0" skipped="0" timestamp="2025-07-28T18:52:15" time="0.289" tests="6">
    <testcase classname="getUsers should get of users" name="getUsers should get of users" time="0.035">
    </testcase>
    <testcase classname="getUsers @page should return the correct page" name="getUsers @page should return the correct page" time="0.036">
    </testcase>
    <testcase classname="getUsers @page should return the correct number of pages " name="getUsers @page should return the correct number of pages " time="0.036">
    </testcase>
    <testcase classname="getUsers @page should error when alphanumeric" name="getUsers @page should error when alphanumeric" time="0.049">
    </testcase>
    <testcase classname="getUsers @per_page should return the correct number of results" name="getUsers @per_page should return the correct number of results" time="0.039">
    </testcase>
    <testcase classname="getUsers @per_page should error when alphanumeric" name="getUsers @per_page should error when alphanumeric" time="0.042">
    </testcase>
  </testsuite>
  <testsuite name="getUser" errors="0" failures="0" skipped="0" timestamp="2025-07-28T18:52:16" time="0.154" tests="3">
    <testcase classname="getUser should return an existing user" name="getUser should return an existing user" time="0.034">
    </testcase>
    <testcase classname="getUser @id should error when a word" name="getUser @id should error when a word" time="0.04">
    </testcase>
    <testcase classname="getUser @id should error when a float" name="getUser @id should error when a float" time="0.029">
    </testcase>
  </testsuite>
</testsuites>