<?xml version="1.0" encoding="UTF-8"?>
<testsuites name="jest tests" tests="12" failures="0" errors="0" time="1.055">
  <testsuite name="createUser" errors="0" failures="0" skipped="0" timestamp="2025-07-26T17:30:41" time="0.554" tests="3">
    <testcase classname="createUser should create a valid user" name="createUser should create a valid user" time="0.24">
    </testcase>
    <testcase classname="createUser should return `id` as an integer" name="createUser should return `id` as an integer" time="0.088">
    </testcase>
    <testcase classname="createUser should error when job is a number" name="createUser should error when job is a number" time="0.098">
    </testcase>
  </testsuite>
  <testsuite name="getUsers" errors="0" failures="0" skipped="0" timestamp="2025-07-26T17:30:42" time="0.319" tests="6">
    <testcase classname="getUsers should get of users" name="getUsers should get of users" time="0.044">
    </testcase>
    <testcase classname="getUsers @page should return the correct page" name="getUsers @page should return the correct page" time="0.034">
    </testcase>
    <testcase classname="getUsers @page should return the correct number of pages " name="getUsers @page should return the correct number of pages " time="0.062">
    </testcase>
    <testcase classname="getUsers @page should error when alphanumeric" name="getUsers @page should error when alphanumeric" time="0.037">
    </testcase>
    <testcase classname="getUsers @per_page should return the correct number of results" name="getUsers @per_page should return the correct number of results" time="0.047">
    </testcase>
    <testcase classname="getUsers @per_page should error when alphanumeric" name="getUsers @per_page should error when alphanumeric" time="0.038">
    </testcase>
  </testsuite>
  <testsuite name="getUser" errors="0" failures="0" skipped="0" timestamp="2025-07-26T17:30:42" time="0.144" tests="3">
    <testcase classname="getUser should return an existing user" name="getUser should return an existing user" time="0.04">
    </testcase>
    <testcase classname="getUser @id should error when a word" name="getUser @id should error when a word" time="0.04">
    </testcase>
    <testcase classname="getUser @id should error when a float" name="getUser @id should error when a float" time="0.035">
    </testcase>
  </testsuite>
</testsuites>